[INFO] Scanning for projects...
[INFO] 
[INFO] -----------------< com.crowdfunding:service-registry >------------------
[INFO] Building service-registry 0.0.1-SNAPSHOT
[INFO] --------------------------------[ jar ]---------------------------------
[INFO] 
[INFO] >>> spring-boot-maven-plugin:2.7.1:run (default-cli) > test-compile @ service-registry >>>
[INFO] 
[INFO] --- maven-resources-plugin:3.2.0:resources (default-resources) @ service-registry ---
[INFO] Using 'UTF-8' encoding to copy filtered resources.
[INFO] Using 'UTF-8' encoding to copy filtered properties files.
[INFO] Copying 1 resource
[INFO] Copying 0 resource
[INFO] 
[INFO] --- maven-compiler-plugin:3.10.1:compile (default-compile) @ service-registry ---
[INFO] Nothing to compile - all classes are up to date
[INFO] 
[INFO] --- maven-resources-plugin:3.2.0:testResources (default-testResources) @ service-registry ---
[INFO] Using 'UTF-8' encoding to copy filtered resources.
[INFO] Using 'UTF-8' encoding to copy filtered properties files.
[INFO] skip non existing resourceDirectory D:\projects\service-registry\src\test\resources
[INFO] 
[INFO] --- maven-compiler-plugin:3.10.1:testCompile (default-testCompile) @ service-registry ---
[INFO] Nothing to compile - all classes are up to date
[INFO] 
[INFO] <<< spring-boot-maven-plugin:2.7.1:run (default-cli) < test-compile @ service-registry <<<
[INFO] 
[INFO] 
[INFO] --- spring-boot-maven-plugin:2.7.1:run (default-cli) @ service-registry ---
[INFO] Attaching agents: []

  .   ____          _            __ _ _
 /\\ / ___'_ __ _ _(_)_ __  __ _ \ \ \ \
( ( )\___ | '_ | '_| | '_ \/ _` | \ \ \ \
 \\/  ___)| |_)| | | | | || (_| |  ) ) ) )
  '  |____| .__|_| |_|_| |_\__, | / / / /
 =========|_|==============|___/=/_/_/_/
 :: Spring Boot ::                (v2.7.1)

2022-07-21 17:28:11.999  INFO 12908 --- [           main] c.c.s.r.ServiceRegistryApplication       : Starting ServiceRegistryApplication using Java 1.8.0_191 on DESKTOP-4MCP861 with PID 12908 (D:\projects\service-registry\target\classes started by ajith in D:\projects\service-registry)
2022-07-21 17:28:12.002  INFO 12908 --- [           main] c.c.s.r.ServiceRegistryApplication       : No active profile set, falling back to 1 default profile: "default"
2022-07-21 17:28:12.715  INFO 12908 --- [           main] o.s.cloud.context.scope.GenericScope     : BeanFactory id=664ba80a-2696-370e-930a-8cc14223e145
2022-07-21 17:28:13.293  INFO 12908 --- [           main] o.s.b.w.embedded.tomcat.TomcatWebServer  : Tomcat initialized with port(s): 8761 (http)
2022-07-21 17:28:13.306  INFO 12908 --- [           main] o.apache.catalina.core.StandardService   : Starting service [Tomcat]
2022-07-21 17:28:13.306  INFO 12908 --- [           main] org.apache.catalina.core.StandardEngine  : Starting Servlet engine: [Apache Tomcat/9.0.64]
2022-07-21 17:28:13.570  INFO 19416 --- [           main] o.a.c.c.C.[Tomcat].[localhost].[/]       : Initializing Spring embedded WebApplicationContext
2022-07-21 17:28:13.570  INFO 19416 --- [           main] w.s.c.ServletWebServerApplicationContext : Root WebApplicationContext: initialization completed in 1536 ms
2022-07-21 17:28:13.890  INFO 19416 --- [           main] c.s.j.s.i.a.WebApplicationImpl           : Initiating Jersey application, version 'Jersey: 1.19.4 05/24/2017 03:20 PM'
2022-07-21 17:28:13.934  INFO 19416 --- [           main] c.n.d.provider.DiscoveryJerseyProvider   : Using JSON encoding codec LegacyJacksonJson
2022-07-21 17:28:13.935  INFO 19416 --- [           main] c.n.d.provider.DiscoveryJerseyProvider   : Using JSON decoding codec LegacyJacksonJson
2022-07-21 17:28:14.008  INFO 19416 --- [           main] c.n.d.provider.DiscoveryJerseyProvider   : Using XML encoding codec XStreamXml
2022-07-21 17:28:14.008  INFO 19416 --- [           main] c.n.d.provider.DiscoveryJerseyProvider   : Using XML decoding codec XStreamXml
2022-07-21 17:28:16.018  INFO 19416 --- [           main] o.s.cloud.commons.util.InetUtils         : Cannot determine local hostname
2022-07-21 17:28:17.710  INFO 19416 --- [           main] o.s.cloud.commons.util.InetUtils         : Cannot determine local hostname
2022-07-21 17:28:17.715  INFO 19416 --- [           main] DiscoveryClientOptionalArgsConfiguration : Eureka HTTP Client uses Jersey
2022-07-21 17:28:17.760  WARN 19416 --- [           main] iguration$LoadBalancerCaffeineWarnLogger : Spring Cloud LoadBalancer is currently working with the default cache. While this cache implementation is useful for development and tests, it's recommended to use Caffeine cache in production.You can switch to using Caffeine cache, by adding it and org.springframework.cache.caffeine.CaffeineCacheManager to the classpath.
2022-07-21 17:28:17.772  INFO 19416 --- [           main] o.s.c.n.eureka.InstanceInfoFactory       : Setting initial instance status as: STARTING
2022-07-21 17:28:17.791  INFO 19416 --- [           main] com.netflix.discovery.DiscoveryClient    : Initializing Eureka in region us-east-1
2022-07-21 17:28:17.791  INFO 19416 --- [           main] com.netflix.discovery.DiscoveryClient    : Client configured to neither register nor query for data.
2022-07-21 17:28:17.795  INFO 19416 --- [           main] com.netflix.discovery.DiscoveryClient    : Discovery Client initialized at timestamp 1658404697795 with initial instances count: 0
2022-07-21 17:28:17.820  INFO 19416 --- [           main] c.n.eureka.DefaultEurekaServerContext    : Initializing ...
2022-07-21 17:28:17.821  WARN 19416 --- [           main] c.n.eureka.cluster.PeerEurekaNodes       : The replica size seems to be empty. Check the route 53 DNS Registry
2022-07-21 17:28:17.851  INFO 19416 --- [           main] c.n.e.registry.AbstractInstanceRegistry  : Finished initializing remote region registries. All known remote regions: []
2022-07-21 17:28:17.852  INFO 19416 --- [           main] c.n.eureka.DefaultEurekaServerContext    : Initialized
2022-07-21 17:28:17.858  INFO 19416 --- [           main] o.s.b.a.e.web.EndpointLinksResolver      : Exposing 1 endpoint(s) beneath base path '/actuator'
2022-07-21 17:28:17.876  INFO 19416 --- [           main] o.s.c.n.e.s.EurekaServiceRegistry        : Registering application UNKNOWN with eureka with status UP
2022-07-21 17:28:17.884  WARN 19416 --- [           main] ConfigServletWebServerApplicationContext : Exception encountered during context initialization - cancelling refresh attempt: org.springframework.context.ApplicationContextException: Failed to start bean 'webServerStartStop'; nested exception is org.springframework.boot.web.server.PortInUseException: Port 8761 is already in use
2022-07-21 17:28:17.886  INFO 19416 --- [           main] c.n.eureka.DefaultEurekaServerContext    : Shutting down ...
2022-07-21 17:28:17.890  INFO 19416 --- [      Thread-10] o.s.c.n.e.server.EurekaServerBootstrap   : isAws returned false
2022-07-21 17:28:17.891  INFO 19416 --- [      Thread-10] o.s.c.n.e.server.EurekaServerBootstrap   : Initialized server context
2022-07-21 17:28:17.891  INFO 19416 --- [      Thread-10] c.n.e.r.PeerAwareInstanceRegistryImpl    : Got 1 instances from neighboring DS node
2022-07-21 17:28:17.891  INFO 19416 --- [      Thread-10] c.n.e.r.PeerAwareInstanceRegistryImpl    : Renew threshold is: 1
2022-07-21 17:28:17.891  I2022-07-21 17:28:19.368  INFO 12908 --- [           main] o.s.cloud.commons.util.InetUtils         : Cannot determine local hostname
2022-07-21 17:28:19.386  INFO 12908 --- [           main] c.c.s.r.ServiceRegistryApplication       : Started ServiceRegistryApplication in 9.34 seconds (JVM running for 9.88)
[INFO] ------------------------------------------------------------------------
[INFO] BUILD FAILURE
[INFO] ------------------------------------------------------------------------
[INFO] Total time:  01:01 min
[INFO] Finished at: 2022-07-21T17:29:07+05:30
[INFO] ------------------------------------------------------------------------
[ERROR] Failed to execute goal org.springframework.boot:spring-boot-maven-plugin:2.7.1:run (default-cli) on project service-registry: Application finished with exit code: 1 -> [Help 1]
[ERROR] 
[ERROR] To see the full stack trace of the errors, re-run Maven with the -e switch.
[ERROR] Re-run Maven using the -X switch to enable full debug logging.
[ERROR] 
[ERROR] For more information about the errors and possible solutions, please read the following articles:
[ERROR] [Help 1] http://cwiki.apache.org/confluence/display/MAVEN/MojoExecutionException
ver-3.1.3.jar:3.1.3]
	at org.springframework.cloud.netflix.eureka.server.EurekaServerInitializerConfiguration.lambda$start$0(EurekaServerInitializerConfiguration.java:68) [spring-cloud-netflix-eureka-server-3.1.3.jar:3.1.3]
	at java.lang.Thread.run(Thread.java:748) ~[na:1.8.0_191]

2022-07-21 17:28:17.895 ERROR 19416 --- [      Thread-10] e.s.EurekaServerInitializerConfiguration : Could not initialize Eureka servlet context

java.lang.RuntimeException: Cannot bootstrap eureka server :
	at org.springframework.cloud.netflix.eureka.server.EurekaServerBootstrap.contextInitialized(EurekaServerBootstrap.java:77) ~[spring-cloud-netflix-eureka-server-3.1.3.jar:3.1.3]
	at org.springframework.cloud.netflix.eureka.server.EurekaServerInitializerConfiguration.lambda$start$0(EurekaServerInitializerConfiguration.java:68) ~[spring-cloud-netflix-eureka-server-3.1.3.jar:3.1.3]
	at java.lang.Thread.run(Thread.java:748) ~[na:1.8.0_191]
Caused by: java.lang.IllegalStateException: Timer already cancelled.
	at java.util.Timer.sched(Timer.java:397) ~[na:1.8.0_191]
	at java.util.Timer.schedule(Timer.java:248) ~[na:1.8.0_191]
	at com.netflix.eureka.registry.AbstractInstanceRegistry.postInit(AbstractInstanceRegistry.java:1218) ~[eureka-core-1.10.17.jar:1.10.17]
	at com.netflix.eureka.registry.PeerAwareInstanceRegistryImpl.openForTraffic(PeerAwareInstanceRegistryImpl.java:258) ~[eureka-core-1.10.17.jar:1.10.17]
	at org.springframework.cloud.netflix.eureka.server.InstanceRegistry.openForTraffic(InstanceRegistry.java:74) ~[spring-cloud-netflix-eureka-server-3.1.3.jar:3.1.3]
	at org.springframework.cloud.netflix.eureka.server.EurekaServerBootstrap.initEurekaServerContext(EurekaServerBootstrap.java:113) ~[spring-cloud-netflix-eureka-server-3.1.3.jar:3.1.3]
	at org.springframework.cloud.netflix.eureka.server.EurekaServerBootstrap.contextInitialized(EurekaServerBootstrap.java:71) ~[spring-cloud-netflix-eureka-server-3.1.3.jar:3.1.3]
	... 2 common frames omitted

2022-07-21 17:28:17.898  INFO 19416 --- [           main] c.n.eureka.DefaultEurekaServerContext    : Shut down
2022-07-21 17:28:17.902  INFO 19416 --- [           main] com.netflix.discovery.DiscoveryClient    : Shutting down DiscoveryClient ...
2022-07-21 17:28:17.903  INFO 19416 --- [           main] com.netflix.discovery.DiscoveryClient    : Completed shut down of DiscoveryClient
2022-07-21 17:28:17.905  INFO 19416 --- [           main] o.apache.catalina.core.StandardService   : Stopping service [Tomcat]
2022-07-21 17:28:17.925  INFO 19416 --- [           main] ConditionEvaluationReportLoggingListener : 

Error starting ApplicationContext. To display the conditions report re-run your application with 'debug' enabled.
2022-07-21 17:28:17.940 ERROR 19416 --- [           main] o.s.b.d.LoggingFailureAnalysisReporter   : 

***************************
APPLICATION FAILED TO START
***************************

Description:

Web server failed to start. Port 8761 was already in use.

Action:

Identify and stop the process that's listening on port 8761 or configure this application to listen on another port.

[INFO] ------------------------------------------------------------------------
[INFO] BUILD FAILURE
[INFO] ------------------------------------------------------------------------
[INFO] Total time:  12.022 s
[INFO] Finished at: 2022-07-21T17:28:18+05:30
[INFO] ------------------------------------------------------------------------
[ERROR] Failed to execute goal org.springframework.boot:spring-boot-maven-plugin:2.7.1:run (default-cli) on project service-registry: Application finished with exit code: 1 -> [Help 1]
[ERROR] 
[ERROR] To see the full stack trace of the errors, re-run Maven with the -e switch.
[ERROR] Re-run Maven using the -X switch to enable full debug logging.
[ERROR] 
[ERROR] For more information about the errors and possible solutions, please read the following articles:
[ERROR] [Help 1] http://cwiki.apache.org/confluence/display/MAVEN/MojoExecutionException
[INFO] Scanning for projects...
[INFO] 
[INFO] -----------------< com.crowdfunding:service-registry >------------------
[INFO] Building service-registry 0.0.1-SNAPSHOT
[INFO] --------------------------------[ jar ]---------------------------------
[INFO] 
[INFO] >>> spring-boot-maven-plugin:2.7.1:run (default-cli) > test-compile @ service-registry >>>
[INFO] 
[INFO] --- maven-resources-plugin:3.2.0:resources (default-resources) @ service-registry ---
[INFO] Using 'UTF-8' encoding to copy filtered resources.
[INFO] Using 'UTF-8' encoding to copy filtered properties files.
[INFO] Copying 1 resource
[INFO] Copying 0 resource
[INFO] 
[INFO] --- maven-compiler-plugin:3.10.1:compile (default-compile) @ service-registry ---
[INFO] Nothing to compile - all classes are up to date
[INFO] 
[INFO] --- maven-resources-plugin:3.2.0:testResources (default-testResources) @ service-registry ---
[INFO] Using 'UTF-8' encoding to copy filtered resources.
[INFO] Using 'UTF-8' encoding to copy filtered properties files.
[INFO] skip non existing resourceDirectory D:\projects\service-registry\src\test\resources
[INFO] 
[INFO] --- maven-compiler-plugin:3.10.1:testCompile (default-testCompile) @ service-registry ---
[INFO] Nothing to compile - all classes are up to date
[INFO] 
[INFO] <<< spring-boot-maven-plugin:2.7.1:run (default-cli) < test-compile @ service-registry <<<
[INFO] 
[INFO] 
[INFO] --- spring-boot-maven-plugin:2.7.1:run (default-cli) @ service-registry ---
[INFO] Attaching agents: []

  .   ____          _            __ _ _
 /\\ / ___'_ __ _ _(_)_ __  __ _ \ \ \ \
( ( )\___ | '_ | '_| | '_ \/ _` | \ \ \ \
 \\/  ___)| |_)| | | | | || (_| |  ) ) ) )
  '  |____| .__|_| |_|_| |_\__, | / / / /
 =========|_|==============|___/=/_/_/_/
 :: Spring Boot ::                (v2.7.1)

2022-07-21 17:32:14.639  INFO 2144 --- [           main] c.c.s.r.ServiceRegistryApplication       : Starting ServiceRegistryApplication using Java 1.8.0_191 on DESKTOP-4MCP861 with PID 2144 (D:\projects\service-registry\target\classes started by ajith in D:\projects\service-registry)
2022-07-21 17:32:14.642  INFO 2144 --- [           main] c.c.s.r.ServiceRegistryApplication       : No active profile set, falling back to 1 default profile: "default"
2022-07-21 17:32:15.296  INFO 2144 --- [           main] o.s.cloud.context.scope.GenericScope     : BeanFactory id=664ba80a-2696-370e-930a-8cc14223e145
2022-07-21 17:32:15.819  INFO 2144 --- [           main] o.s.b.w.embedded.tomcat.TomcatWebServer  : Tomcat initialized with port(s): 8761 (http)
2022-07-21 17:32:15.831  INFO 2144 --- [           main] o.apache.catalina.core.StandardService   : Starting service [Tomcat]
2022-07-21 17:32:15.831  INFO 2144 --- [           main] org.apache.catalina.core.StandardEngine  : Starting Servlet engine: [Apache Tomcat/9.0.64]
2022-07-21 17:32:16.086  INFO 2144 --- [           main] o.a.c.c.C.[Tomcat].[localhost].[/]       : Initializing Spring embedded WebApplicationContext
2022-07-21 17:32:16.087  INFO 2144 --- [           main] w.s.c.ServletWebServerApplicationContext : Root WebApplicationContext: initialization completed in 1415 ms
2022-07-21 17:32:16.383  INFO 2144 --- [           main] c.s.j.s.i.a.WebApplicationImpl           : Initiating Jersey application, version 'Jersey: 1.19.4 05/24/2017 03:20 PM'
2022-07-21 17:32:16.425  INFO 2144 --- [           main] c.n.d.provider.DiscoveryJerseyProvider   : Using JSON encoding codec LegacyJacksonJson
2022-07-21 17:32:16.426  INFO 2144 --- [           main] c.n.d.provider.DiscoveryJerseyProvider   : Using JSON decoding codec LegacyJacksonJson
2022-07-21 17:32:16.497  INFO 2144 --- [           main] c.n.d.provider.DiscoveryJerseyProvider   : Using XML encoding codec XStreamXml
2022-07-21 17:32:16.497  INFO 2144 --- [           main] c.n.d.provider.DiscoveryJerseyProvider   : Using XML decoding codec XStreamXml
2022-07-21 17:32:18.411  INFO 2144 --- [           main] o.s.cloud.commons.util.InetUtils         : Cannot determine local hostname
2022-07-21 17:32:20.034  INFO 2144 --- [           main] o.s.cloud.commons.util.InetUtils         : Cannot determine local hostname
2022-07-21 17:32:20.041  INFO 2144 --- [           main] DiscoveryClientOptionalArgsConfiguration : Eureka HTTP Client uses Jersey
2022-07-21 17:32:20.085  WARN 2144 --- [           main] iguration$LoadBalancerCaffeineWarnLogger : Spring Cloud LoadBalancer is currently working with the default cache. While this cache implementation is useful for development and tests, it's recommended to use Caffeine cache in production.You can switch to using Caffeine cache, by adding it and org.springframework.cache.caffeine.CaffeineCacheManager to the classpath.
2022-07-21 17:32:20.096  INFO 2144 --- [           main] o.s.c.n.eureka.InstanceInfoFactory       : Setting initial instance status as: STARTING
2022-07-21 17:32:20.114  INFO 2144 --- [           main] com.netflix.discovery.DiscoveryClient    : Initializing Eureka in region us-east-1
2022-07-21 17:32:20.114  INFO 2144 --- [           main] com.netflix.discovery.DiscoveryClient    : Client configured to neither register nor query for data.
2022-07-21 17:32:20.118  INFO 2144 --- [           main] com.netflix.discovery.DiscoveryClient    : Discovery Client initialized at timestamp 1658404940117 with initial instances count: 0
2022-07-21 17:32:20.140  INFO 2144 --- [           main] c.n.eureka.DefaultEurekaServerContext    : Initializing ...
2022-07-21 17:32:20.141  WARN 2144 --- [           main] c.n.eureka.cluster.PeerEurekaNodes       : The replica size seems to be empty. Check the route 53 DNS Registry
2022-07-21 17:32:20.169  INFO 2144 --- [           main] c.n.e.registry.AbstractInstanceRegistry  : Finished initializing remote region registries. All known remote regions: []
2022-07-21 17:32:20.170  INFO 2144 --- [           main] c.n.eureka.DefaultEurekaServerContext    : Initialized
2022-07-21 17:32:20.175  INFO 2144 --- [           main] o.s.b.a.e.web.EndpointLinksResolver      : Exposing 1 endpoint(s) beneath base path '/actuator'
2022-07-21 17:32:20.191  INFO 2144 --- [           main] o.s.c.n.e.s.EurekaServiceRegistry        : Registering application UNKNOWN with eureka with status UP
2022-07-21 17:32:20.207  INFO 2144 --- [      Thread-10] o.s.c.n.e.server.EurekaServerBootstrap   : isAws returned false
2022-07-21 17:32:20.207  INFO 2144 --- [      Thread-10] o.s.c.n.e.server.EurekaServerBootstrap   : Initialized server context
2022-07-21 17:32:20.208  INFO 2144 --- [      Thread-10] c.n.e.r.PeerAwareInstanceRegistryImpl    : Got 1 instances from neighboring DS node
2022-07-21 17:32:20.208  INFO 2144 --- [      Thread-10] c.n.e.r.PeerAwareInstanceRegistryImpl    : Renew threshold is: 1
2022-07-21 17:32:20.208  INFO 2144 --- [      Thread-10] c.n.e.r.PeerAwareInstanceRegistryImpl    : Changing status to UP
2022-07-21 17:32:20.215  INFO 2144 --- [           main] o.s.b.w.embedded.tomcat.TomcatWebServer  : Tomcat started on port(s): 8761 (http) with context path ''
2022-07-21 17:32:20.215  INFO 2144 --- [      Thread-10] e.s.EurekaServerInitializerConfiguration : Started Eureka Server
2022-07-21 17:32:20.216  INFO 2144 --- [           main] .s.c.n.e.s.EurekaAutoServiceRegistration : Updating port to 8761
2022-07-21 17:32:21.714  INFO 2144 --- [           main] o.s.cloud.commons.util.InetUtils         : Cannot determine local hostname
2022-07-21 17:32:21.728  INFO 2144 --- [           main] c.c.s.r.ServiceRegistryApplication       : Started ServiceRegistryApplication in 8.972 seconds (JVM running for 9.484)
[INFO] ------------------------------------------------------------------------
[INFO] BUILD FAILURE
[INFO] ------------------------------------------------------------------------
[INFO] Total time:  46.642 s
[INFO] Finished at: 2022-07-21T17:32:56+05:30
[INFO] ------------------------------------------------------------------------
[ERROR] Failed to execute goal org.springframework.boot:spring-boot-maven-plugin:2.7.1:run (default-cli) on project service-registry: Application finished with exit code: 1 -> [Help 1]
[ERROR] 
[ERROR] To see the full stack trace of the errors, re-run Maven with the -e switch.
[ERROR] Re-run Maven using the -X switch to enable full debug logging.
[ERROR] 
[ERROR] For more information about the errors and possible solutions, please read the following articles:
[ERROR] [Help 1] http://cwiki.apache.org/confluence/display/MAVEN/MojoExecutionException
[INFO] Scanning for projects...
[INFO] 
[INFO] -----------------< com.crowdfunding:service-registry >------------------
[INFO] Building service-registry 0.0.1-SNAPSHOT
[INFO] --------------------------------[ jar ]---------------------------------
[INFO] 
[INFO] >>> spring-boot-maven-plugin:2.7.1:run (default-cli) > test-compile @ service-registry >>>
[INFO] 
[INFO] --- maven-resources-plugin:3.2.0:resources (default-resources) @ service-registry ---
[INFO] Using 'UTF-8' encoding to copy filtered resources.
[INFO] Using 'UTF-8' encoding to copy filtered properties files.
[INFO] Copying 1 resource
[INFO] Copying 0 resource
[INFO] 
[INFO] --- maven-compiler-plugin:3.10.1:compile (default-compile) @ service-registry ---
[INFO] Nothing to compile - all classes are up to date
[INFO] 
[INFO] --- maven-resources-plugin:3.2.0:testResources (default-testResources) @ service-registry ---
[INFO] Using 'UTF-8' encoding to copy filtered resources.
[INFO] Using 'UTF-8' encoding to copy filtered properties files.
[INFO] skip non existing resourceDirectory D:\projects\service-registry\src\test\resources
[INFO] 
[INFO] --- maven-compiler-plugin:3.10.1:testCompile (default-testCompile) @ service-registry ---
[INFO] Nothing to compile - all classes are up to date
[INFO] 
[INFO] <<< spring-boot-maven-plugin:2.7.1:run (default-cli) < test-compile @ service-registry <<<
[INFO] 
[INFO] 
[INFO] --- spring-boot-maven-plugin:2.7.1:run (default-cli) @ service-registry ---
[INFO] Attaching agents: []

  .   ____          _            __ _ _
 /\\ / ___'_ __ _ _(_)_ __  __ _ \ \ \ \
( ( )\___ | '_ | '_| | '_ \/ _` | \ \ \ \
 \\/  ___)| |_)| | | | | || (_| |  ) ) ) )
  '  |____| .__|_| |_|_| |_\__, | / / / /
 =========|_|==============|___/=/_/_/_/
 :: Spring Boot ::                (v2.7.1)

2022-07-21 17:33:08.723  INFO 24892 --- [           main] c.c.s.r.ServiceRegistryApplication       : Starting ServiceRegistryApplication using Java 1.8.0_191 on DESKTOP-4MCP861 with PID 24892 (D:\projects\service-registry\target\classes started by ajith in D:\projects\service-registry)
2022-07-21 17:33:08.726  INFO 24892 --- [           main] c.c.s.r.ServiceRegistryApplication       : No active profile set, falling back to 1 default profile: "default"
2022-07-21 17:33:09.385  INFO 24892 --- [           main] o.s.cloud.context.scope.GenericScope     : BeanFactory id=664ba80a-2696-370e-930a-8cc14223e145
2022-07-21 17:33:09.910  INFO 24892 --- [           main] o.s.b.w.embedded.tomcat.TomcatWebServer  : Tomcat initialized with port(s): 8761 (http)
2022-07-21 17:33:09.922  INFO 24892 --- [           main] o.apache.catalina.core.StandardService   : Starting service [Tomcat]
2022-07-21 17:33:09.922  INFO 24892 --- [           main] org.apache.catalina.core.StandardEngine  : Starting Servlet engine: [Apache Tomcat/9.0.64]
2022-07-21 17:33:10.183  INFO 24892 --- [           main] o.a.c.c.C.[Tomcat].[localhost].[/]       : Initializing Spring embedded WebApplicationContext
2022-07-21 17:33:10.183  INFO 24892 --- [           main] w.s.c.ServletWebServerApplicationContext : Root WebApplicationContext: initialization completed in 1428 ms
2022-07-21 17:33:10.484  INFO 24892 --- [           main] c.s.j.s.i.a.WebApplicationImpl           : Initiating Jersey application, version 'Jersey: 1.19.4 05/24/2017 03:20 PM'
2022-07-21 17:33:10.528  INFO 24892 --- [           main] c.n.d.provider.DiscoveryJerseyProvider   : Using JSON encoding codec LegacyJacksonJson
2022-07-21 17:33:10.529  INFO 24892 --- [           main] c.n.d.provider.DiscoveryJerseyProvider   : Using JSON decoding codec LegacyJacksonJson
2022-07-21 17:33:10.604  INFO 24892 --- [           main] c.n.d.provider.DiscoveryJerseyProvider   : Using XML encoding codec XStreamXml
2022-07-21 17:33:10.604  INFO 24892 --- [           main] c.n.d.provider.DiscoveryJerseyProvider   : Using XML decoding codec XStreamXml
2022-07-21 17:33:12.524  INFO 24892 --- [           main] o.s.cloud.commons.util.InetUtils         : Cannot determine local hostname
2022-07-21 17:33:14.146  INFO 24892 --- [           main] o.s.cloud.commons.util.InetUtils         : Cannot determine local hostname
2022-07-21 17:33:14.155  INFO 24892 --- [           main] DiscoveryClientOptionalArgsConfiguration : Eureka HTTP Client uses Jersey
2022-07-21 17:33:14.197  WARN 24892 --- [           main] iguration$LoadBalancerCaffeineWarnLogger : Spring Cloud LoadBalancer is currently working with the default cache. While this cache implementation is useful for development and tests, it's recommended to use Caffeine cache in production.You can switch to using Caffeine cache, by adding it and org.springframework.cache.caffeine.CaffeineCacheManager to the classpath.
2022-07-21 17:33:14.208  INFO 24892 --- [           main] o.s.c.n.eureka.InstanceInfoFactory       : Setting initial instance status as: STARTING
2022-07-21 17:33:14.226  INFO 24892 --- [           main] com.netflix.discovery.DiscoveryClient    : Initializing Eureka in region us-east-1
2022-07-21 17:33:14.226  INFO 24892 --- [           main] com.netflix.discovery.DiscoveryClient    : Client configured to neither register nor query for data.
2022-07-21 17:33:14.230  INFO 24892 --- [           main] com.netflix.discovery.DiscoveryClient    : Discovery Client initialized at timestamp 1658404994229 with initial instances count: 0
2022-07-21 17:33:14.252  INFO 24892 --- [           main] c.n.eureka.DefaultEurekaServerContext    : Initializing ...
2022-07-21 17:33:14.254  WARN 24892 --- [           main] c.n.eureka.cluster.PeerEurekaNodes       : The replica size seems to be empty. Check the route 53 DNS Registry
2022-07-21 17:33:14.281  INFO 24892 --- [           main] c.n.e.registry.AbstractInstanceRegistry  : Finished initializing remote region registries. All known remote regions: []
2022-07-21 17:33:14.282  INFO 24892 --- [           main] c.n.eureka.DefaultEurekaServerContext    : Initialized
2022-07-21 17:33:14.288  INFO 24892 --- [           main] o.s.b.a.e.web.EndpointLinksResolver      : Exposing 1 endpoint(s) beneath base path '/actuator'
2022-07-21 17:33:14.305  INFO 24892 --- [           main] o.s.c.n.e.s.EurekaServiceRegistry        : Registering application UNKNOWN with eureka with status UP
2022-07-21 17:33:14.321  INFO 24892 --- [      Thread-10] o.s.c.n.e.server.EurekaServerBootstrap   : isAws returned false
2022-07-21 17:33:14.321  INFO 24892 --- [      Thread-10] o.s.c.n.e.server.EurekaServerBootstrap   : Initialized server context
2022-07-21 17:33:14.321  INFO 24892 --- [      Thread-10] c.n.e.r.PeerAwareInstanceRegistryImpl    : Got 1 instances from neighboring DS node
2022-07-21 17:33:14.321  INFO 24892 --- [      Thread-10] c.n.e.r.PeerAwareInstanceRegistryImpl    : Renew threshold is: 1
2022-07-21 17:33:14.321  INFO 24892 --- [      Thread-10] c.n.e.r.PeerAwareInstanceRegistryImpl    : Changing status to UP
2022-07-21 17:33:14.329  INFO 24892 --- [           main] o.s.b.w.embedded.tomcat.TomcatWebServer  : Tomcat started on port(s): 8761 (http) with context path ''
2022-07-21 17:33:14.329  INFO 24892 --- [      Thread-10] e.s.EurekaServerInitializerConfiguration : Started Eureka Server
2022-07-21 17:33:14.329  INFO 24892 --- [           main] .s.c.n.e.s.EurekaAutoServiceRegistration : Updating port to 8761
2022-07-21 17:33:15.814  INFO 24892 --- [           main] o.s.cloud.commons.util.InetUtils         : Cannot determine local hostname
2022-07-21 17:33:15.825  INFO 24892 --- [           main] c.c.s.r.ServiceRegistryApplication       : Started ServiceRegistryApplication in 8.975 seconds (JVM running for 9.478)
      1 [sig] sh 12520! sigpacket::process: Suppressing signal 18 to win32 process (pid 7940)
[INFO] ------------------------------------------------------------------------
[INFO] BUILD FAILURE
[INFO] ------------------------------------------------------------------------
[INFO] Total time:  25.802 s
[INFO] Finished at: 2022-07-21T17:33:29+05:30
[INFO] ------------------------------------------------------------------------
[ERROR] Failed to execute goal org.springframework.boot:spring-boot-maven-plugin:2.7.1:run (default-cli) on project service-registry: Application finished with exit code: 1 -> [Help 1]
[ERROR] 
[ERROR] To see the full stack trace of the errors, re-run Maven with the -e switch.
[ERROR] Re-run Maven using the -X switch to enable full debug logging.
[ERROR] 
[ERROR] For more information about the errors and possible solutions, please read the following articles:
[ERROR] [Help 1] http://cwiki.apache.org/confluence/display/MAVEN/MojoExecutionException
